Arguments: 
  /Users/jordan/.nvm/versions/node/v10.13.0/bin/node /usr/local/Cellar/yarn/1.12.3/libexec/bin/yarn.js add -D utilitiy/types

PATH: 
  /Users/jordan/.nvm/versions/node/v10.13.0/bin:/Users/jordan/.pyenv/shims:/Users/jordan/.rbenv/shims:/usr/local/bin:/Users/jordan/.dotfiles/bin:/usr/local/bin:/usr/bin:/bin:/usr/sbin:/sbin

Yarn version: 
  1.12.3

Node version: 
  10.13.0

Platform: 
  darwin x64

Trace: 
  Error: https://registry.yarnpkg.com/@optimizely%2fjs-sdk-wrapper: Not found
      at Request.params.callback [as _callback] (/usr/local/Cellar/yarn/1.12.3/libexec/lib/cli.js:65894:18)
      at Request.self.callback (/usr/local/Cellar/yarn/1.12.3/libexec/lib/cli.js:129018:22)
      at Request.emit (events.js:182:13)
      at Request.<anonymous> (/usr/local/Cellar/yarn/1.12.3/libexec/lib/cli.js:129990:10)
      at Request.emit (events.js:182:13)
      at IncomingMessage.<anonymous> (/usr/local/Cellar/yarn/1.12.3/libexec/lib/cli.js:129912:12)
      at Object.onceWrapper (events.js:273:13)
      at IncomingMessage.emit (events.js:187:15)
      at endReadableNT (_stream_readable.js:1094:12)
      at process._tickCallback (internal/process/next_tick.js:63:19)

npm manifest: 
  {
    "name": "@optimizely/react-sdk",
    "version": "0.0.0",
    "description": "> TODO: description",
    "author": "jordangarcia <jordan.garcia@gmail.com>",
    "homepage": "",
    "license": "ISC",
    "main": "lib/index.js",
    "directories": {
      "lib": "lib",
      "test": "__tests__"
    },
    "files": [
      "lib"
    ],
    "scripts": {
      "tsc": "tsc",
      "test": "echo \"Error: run tests from root\" && exit 1"
    },
    "dependencies": {
      "@optimizely/js-sdk-wrapper": "^1.0.0",
      "prop-types": "^15.6.2",
      "react": "^16.6.1"
    },
    "devDependencies": {
      "@types/prop-types": "^15.5.6",
      "@types/react": "^16.7.3"
    }
  }

yarn manifest: 
  No manifest

Lockfile: 
  # THIS IS AN AUTOGENERATED FILE. DO NOT EDIT THIS FILE DIRECTLY.
  # yarn lockfile v1
  
  
  "@types/prop-types@*", "@types/prop-types@^15.5.6":
    version "15.5.6"
    resolved "https://registry.yarnpkg.com/@types/prop-types/-/prop-types-15.5.6.tgz#9c03d3fed70a8d517c191b7734da2879b50ca26c"
    integrity sha512-ZBFR7TROLVzCkswA3Fmqq+IIJt62/T7aY/Dmz+QkU7CaW2QFqAitCE8Ups7IzmGhcN1YWMBT4Qcoc07jU9hOJQ==
  
  "@types/react@^16.7.3":
    version "16.7.3"
    resolved "https://registry.yarnpkg.com/@types/react/-/react-16.7.3.tgz#dd96b19b21c450fab7d136f71d48f4b8fc72777e"
    integrity sha512-ve/2lnXuLNaTDR1SPvsEX25m+NoNW3PMJxL2jd372UR8oJPwR5+jgtcheUoN27O+qKLFmQy0y0YKRwZcwtny3w==
    dependencies:
      "@types/prop-types" "*"
      csstype "^2.2.0"
  
  csstype@^2.2.0:
    version "2.5.7"
    resolved "https://registry.yarnpkg.com/csstype/-/csstype-2.5.7.tgz#bf9235d5872141eccfb2d16d82993c6b149179ff"
    integrity sha512-Nt5VDyOTIIV4/nRFswoCKps1R5CD1hkiyjBE9/thNaNZILLEviVw9yWQw15+O+CpNjQKB/uvdcxFFOrSflY3Yw==
  
  "js-tokens@^3.0.0 || ^4.0.0":
    version "4.0.0"
    resolved "https://registry.yarnpkg.com/js-tokens/-/js-tokens-4.0.0.tgz#19203fb59991df98e3a287050d4647cdeaf32499"
    integrity sha512-RdJUflcE3cUzKiMqQgsCu06FPu9UdIJO0beYbPhHN4k6apgJtifcoCtT9bcxOpYBtpD2kCM6Sbzg4CausW/PKQ==
  
  loose-envify@^1.1.0, loose-envify@^1.3.1:
    version "1.4.0"
    resolved "https://registry.yarnpkg.com/loose-envify/-/loose-envify-1.4.0.tgz#71ee51fa7be4caec1a63839f7e682d8132d30caf"
    integrity sha512-lyuxPGr/Wfhrlem2CL/UcnUc1zcqKAImBDzukY7Y5F/yQiNdko6+fRLevlw1HgMySw7f611UIY408EtxRSoK3Q==
    dependencies:
      js-tokens "^3.0.0 || ^4.0.0"
  
  object-assign@^4.1.1:
    version "4.1.1"
    resolved "https://registry.yarnpkg.com/object-assign/-/object-assign-4.1.1.tgz#2109adc7965887cfc05cbbd442cac8bfbb360863"
    integrity sha1-IQmtx5ZYh8/AXLvUQsrIv7s2CGM=
  
  prop-types@^15.6.2:
    version "15.6.2"
    resolved "https://registry.yarnpkg.com/prop-types/-/prop-types-15.6.2.tgz#05d5ca77b4453e985d60fc7ff8c859094a497102"
    integrity sha512-3pboPvLiWD7dkI3qf3KbUe6hKFKa52w+AE0VCqECtf+QHAKgOL37tTaNCnuX1nAAQ4ZhyP+kYVKf8rLmJ/feDQ==
    dependencies:
      loose-envify "^1.3.1"
      object-assign "^4.1.1"
  
  react@^16.6.1:
    version "16.6.1"
    resolved "https://registry.yarnpkg.com/react/-/react-16.6.1.tgz#ee2aef4f0a09e494594882029821049772f915fe"
    integrity sha512-OtawJThYlvRgm9BXK+xTL7BIlDx8vv21j+fbQDjRRUyok6y7NyjlweGorielTahLZHYIdKUoK2Dp9ByVWuMqxw==
    dependencies:
      loose-envify "^1.1.0"
      object-assign "^4.1.1"
      prop-types "^15.6.2"
      scheduler "^0.11.0"
  
  scheduler@^0.11.0:
    version "0.11.0"
    resolved "https://registry.yarnpkg.com/scheduler/-/scheduler-0.11.0.tgz#def1f1bfa6550cc57981a87106e65e8aea41a6b5"
    integrity sha512-MAYbBfmiEHxF0W+c4CxMpEqMYK+rYF584VP/qMKSiHM6lTkBKKYOJaDiSILpJHla6hBOsVd6GucPL46o2Uq3sg==
    dependencies:
      loose-envify "^1.1.0"
      object-assign "^4.1.1"
